<?xml version="1.0" encoding="UTF-8"?>
<!-- Generated by org.testng.reporters.JUnitXMLReporter -->
<testsuite ignored="6" hostname="Raju" failures="0" tests="2" name="groupingtests" time="0.096" errors="0" timestamp="2025-08-26T07:46:57 IST">
  <testcase classname="day17.PaymentTests" name="paymentinrupees" time="0.018"/>
  <testcase classname="day17.PaymentTests" name="paymentindollors" time="0.002"/>
  <testcase classname="day17.LoginTests" name="loginByFacebook" time="0.0">
    <ignored/>
  </testcase> <!-- loginByFacebook -->
  <testcase classname="day17.signupTest" name="singupByfacebook" time="0.0">
    <ignored/>
  </testcase> <!-- singupByfacebook -->
  <testcase classname="day17.signupTest" name="singupByemail" time="0.0">
    <ignored/>
  </testcase> <!-- singupByemail -->
  <testcase classname="day17.signupTest" name="singupByX" time="0.0">
    <ignored/>
  </testcase> <!-- singupByX -->
  <testcase classname="day17.LoginTests" name="loginByX" time="0.0">
    <ignored/>
  </testcase> <!-- loginByX -->
  <testcase classname="day17.LoginTests" name="loginByEmail" time="0.0">
    <ignored/>
  </testcase> <!-- loginByEmail -->
</testsuite> <!-- groupingtests -->
