<?xml version="1.0" encoding="UTF-8"?>
<testng-results ignored="0" total="1" passed="1" failed="0" skipped="0">
  <reporter-output>
  </reporter-output>
  <suite started-at="2025-08-27T14:32:08 IST" name="Default suite" finished-at="2025-08-27T14:32:17 IST" duration-ms="8712">
    <groups>
    </groups>
    <test started-at="2025-08-27T14:32:08 IST" name="Default test" finished-at="2025-08-27T14:32:17 IST" duration-ms="8712">
      <class name="day18.LoginTest">
        <test-method is-config="true" signature="setup()[pri:0, instance:day18.LoginTest@436813f3]" started-at="2025-08-27T14:32:08 IST" name="setup" finished-at="2025-08-27T14:32:15 IST" duration-ms="6288" status="PASS">
          <reporter-output>
          </reporter-output>
        </test-method> <!-- setup -->
        <test-method signature="testLogin()[pri:0, instance:day18.LoginTest@436813f3]" started-at="2025-08-27T14:32:15 IST" name="testLogin" finished-at="2025-08-27T14:32:17 IST" duration-ms="2147" status="PASS">
          <reporter-output>
          </reporter-output>
        </test-method> <!-- testLogin -->
        <test-method is-config="true" signature="tearDown()[pri:0, instance:day18.LoginTest@436813f3]" started-at="2025-08-27T14:32:17 IST" name="tearDown" finished-at="2025-08-27T14:32:17 IST" duration-ms="201" status="PASS">
          <reporter-output>
          </reporter-output>
        </test-method> <!-- tearDown -->
      </class> <!-- day18.LoginTest -->
    </test> <!-- Default test -->
  </suite> <!-- Default suite -->
</testng-results>
